<?xml version="1.0" encoding="utf-8"?><testsuites><testsuite errors="0" failures="0" hostname="fv-az121-909" name="pytest" skipped="0" tests="33" time="0.940" timestamp="2021-05-12T19:58:08.791942"><testcase classname="genbadge.tests.test_core" name="test_access_pkg_resources" time="0.001" /><testcase classname="genbadge.tests.test_core" name="test_genbadge[use_shields=False]" time="0.015" /><testcase classname="genbadge.tests.test_core" name="test_parse_cov" time="0.001" /><testcase classname="genbadge.tests.test_readme_common" name="test_help" time="0.002" /><testcase classname="genbadge.tests.test_readme_common" name="test_help_cmd[tests]" time="0.004" /><testcase classname="genbadge.tests.test_readme_common" name="test_help_cmd[coverage]" time="0.003" /><testcase classname="genbadge.tests.test_readme_common" name="test_file_not_found[tests]" time="0.005" /><testcase classname="genbadge.tests.test_readme_common" name="test_file_not_found[coverage]" time="0.005" /><testcase classname="genbadge.tests.test_readme_common" name="test_any_command[tests-default]" time="0.005" /><testcase classname="genbadge.tests.test_readme_common" name="test_any_command[tests-custom]" time="0.005" /><testcase classname="genbadge.tests.test_readme_common" name="test_any_command[tests-custom_shortargs]" time="0.005" /><testcase classname="genbadge.tests.test_readme_common" name="test_any_command[tests-custom_absolute]" time="0.005" /><testcase classname="genbadge.tests.test_readme_common" name="test_any_command[coverage-default]" time="0.005" /><testcase classname="genbadge.tests.test_readme_common" name="test_any_command[coverage-custom]" time="0.005" /><testcase classname="genbadge.tests.test_readme_common" name="test_any_command[coverage-custom_shortargs]" time="0.006" /><testcase classname="genbadge.tests.test_readme_common" name="test_any_command[coverage-custom_absolute]" time="0.005" /><testcase classname="genbadge.tests.test_readme_common" name="test_threshold[False--1]" time="0.238" /><testcase classname="genbadge.tests.test_readme_common" name="test_threshold[False-0]" time="0.044" /><testcase classname="genbadge.tests.test_readme_common" name="test_threshold[False-40]" time="0.044" /><testcase classname="genbadge.tests.test_readme_common" name="test_threshold[False-40.1]" time="0.004" /><testcase classname="genbadge.tests.test_readme_common" name="test_threshold[False-100]" time="0.004" /><testcase classname="genbadge.tests.test_readme_common" name="test_threshold[False-101]" time="0.004" /><testcase classname="genbadge.tests.test_readme_common" name="test_threshold[True--1]" time="0.045" /><testcase classname="genbadge.tests.test_readme_common" name="test_threshold[True-0]" time="0.041" /><testcase classname="genbadge.tests.test_readme_common" name="test_threshold[True-40]" time="0.038" /><testcase classname="genbadge.tests.test_readme_common" name="test_threshold[True-40.1]" time="0.004" /><testcase classname="genbadge.tests.test_readme_common" name="test_threshold[True-100]" time="0.004" /><testcase classname="genbadge.tests.test_readme_common" name="test_threshold[True-101]" time="0.003" /><testcase classname="genbadge.tests.test_readme_common" name="test_local_remote[None-None]" time="0.045" /><testcase classname="genbadge.tests.test_readme_common" name="test_local_remote[False-False]" time="0.006" /><testcase classname="genbadge.tests.test_readme_common" name="test_local_remote[False-True]" time="0.005" /><testcase classname="genbadge.tests.test_readme_common" name="test_local_remote[True-False]" time="0.041" /><testcase classname="genbadge.tests.test_readme_common" name="test_local_remote[True-True]" time="0.044" /></testsuite></testsuites>