<?xml version="1.0" encoding="utf-8"?><testsuites><testsuite errors="0" failures="0" hostname="fv-az127-251" name="pytest" skipped="0" tests="33" time="0.918" timestamp="2021-05-12T15:25:51.220525"><testcase classname="genbadge.tests.test_core" name="test_access_pkg_resources" time="0.001" /><testcase classname="genbadge.tests.test_core" name="test_genbadge[use_shields=False]" time="0.017" /><testcase classname="genbadge.tests.test_core" name="test_parse_cov" time="0.001" /><testcase classname="genbadge.tests.test_readme_common" name="test_help" time="0.003" /><testcase classname="genbadge.tests.test_readme_common" name="test_help_cmd[tests]" time="0.003" /><testcase classname="genbadge.tests.test_readme_common" name="test_help_cmd[coverage]" time="0.003" /><testcase classname="genbadge.tests.test_readme_common" name="test_file_not_found[tests]" time="0.005" /><testcase classname="genbadge.tests.test_readme_common" name="test_file_not_found[coverage]" time="0.005" /><testcase classname="genbadge.tests.test_readme_common" name="test_any_command[tests-default]" time="0.006" /><testcase classname="genbadge.tests.test_readme_common" name="test_any_command[tests-custom]" time="0.005" /><testcase classname="genbadge.tests.test_readme_common" name="test_any_command[tests-custom_shortargs]" time="0.006" /><testcase classname="genbadge.tests.test_readme_common" name="test_any_command[tests-custom_absolute]" time="0.006" /><testcase classname="genbadge.tests.test_readme_common" name="test_any_command[coverage-default]" time="0.005" /><testcase classname="genbadge.tests.test_readme_common" name="test_any_command[coverage-custom]" time="0.006" /><testcase classname="genbadge.tests.test_readme_common" name="test_any_command[coverage-custom_shortargs]" time="0.007" /><testcase classname="genbadge.tests.test_readme_common" name="test_any_command[coverage-custom_absolute]" time="0.005" /><testcase classname="genbadge.tests.test_readme_common" name="test_threshold[False--1]" time="0.221" /><testcase classname="genbadge.tests.test_readme_common" name="test_threshold[False-0]" time="0.033" /><testcase classname="genbadge.tests.test_readme_common" name="test_threshold[False-40]" time="0.044" /><testcase classname="genbadge.tests.test_readme_common" name="test_threshold[False-40.1]" time="0.004" /><testcase classname="genbadge.tests.test_readme_common" name="test_threshold[False-100]" time="0.004" /><testcase classname="genbadge.tests.test_readme_common" name="test_threshold[False-101]" time="0.004" /><testcase classname="genbadge.tests.test_readme_common" name="test_threshold[True--1]" time="0.026" /><testcase classname="genbadge.tests.test_readme_common" name="test_threshold[True-0]" time="0.047" /><testcase classname="genbadge.tests.test_readme_common" name="test_threshold[True-40]" time="0.037" /><testcase classname="genbadge.tests.test_readme_common" name="test_threshold[True-40.1]" time="0.004" /><testcase classname="genbadge.tests.test_readme_common" name="test_threshold[True-100]" time="0.004" /><testcase classname="genbadge.tests.test_readme_common" name="test_threshold[True-101]" time="0.004" /><testcase classname="genbadge.tests.test_readme_common" name="test_local_remote[None-None]" time="0.025" /><testcase classname="genbadge.tests.test_readme_common" name="test_local_remote[False-False]" time="0.005" /><testcase classname="genbadge.tests.test_readme_common" name="test_local_remote[False-True]" time="0.006" /><testcase classname="genbadge.tests.test_readme_common" name="test_local_remote[True-False]" time="0.052" /><testcase classname="genbadge.tests.test_readme_common" name="test_local_remote[True-True]" time="0.048" /></testsuite></testsuites>