<?xml version="1.0" encoding="utf-8"?><testsuites><testsuite errors="0" failures="0" hostname="fv-az178-822" name="pytest" skipped="2" tests="41" time="3.955" timestamp="2021-05-17T09:04:47.379662"><testcase classname="genbadge.tests.test_core" name="test_access_pkg_resources" time="0.001" /><testcase classname="genbadge.tests.test_core" name="test_genbadge[use_shields=False]" time="0.015" /><testcase classname="genbadge.tests.test_core" name="test_parse_cov" time="0.001" /><testcase classname="genbadge.tests.test_readme_common" name="test_help" time="0.002" /><testcase classname="genbadge.tests.test_readme_common" name="test_help_cmd[tests]" time="0.003" /><testcase classname="genbadge.tests.test_readme_common" name="test_help_cmd[coverage]" time="0.003" /><testcase classname="genbadge.tests.test_readme_common" name="test_file_not_found[tests]" time="0.005" /><testcase classname="genbadge.tests.test_readme_common" name="test_file_not_found[coverage]" time="0.004" /><testcase classname="genbadge.tests.test_readme_common" name="test_any_command[tests-default-outstream=False]" time="0.007" /><testcase classname="genbadge.tests.test_readme_common" name="test_any_command[tests-default-outstream=True]" time="0.002"><skipped message="this test does not make sense" type="pytest.skip">/home/runner/work/python-genbadge/python-genbadge/genbadge/tests/test_readme_common.py:232: this test does not make sense</skipped></testcase><testcase classname="genbadge.tests.test_readme_common" name="test_any_command[tests-custom-outstream=False]" time="0.005" /><testcase classname="genbadge.tests.test_readme_common" name="test_any_command[tests-custom-outstream=True]" time="0.005" /><testcase classname="genbadge.tests.test_readme_common" name="test_any_command[tests-custom_shortargs-outstream=False]" time="0.006" /><testcase classname="genbadge.tests.test_readme_common" name="test_any_command[tests-custom_shortargs-outstream=True]" time="0.005" /><testcase classname="genbadge.tests.test_readme_common" name="test_any_command[tests-custom_absolute-outstream=False]" time="0.005" /><testcase classname="genbadge.tests.test_readme_common" name="test_any_command[tests-custom_absolute-outstream=True]" time="0.005" /><testcase classname="genbadge.tests.test_readme_common" name="test_any_command[coverage-default-outstream=False]" time="0.005" /><testcase classname="genbadge.tests.test_readme_common" name="test_any_command[coverage-default-outstream=True]" time="0.002"><skipped message="this test does not make sense" type="pytest.skip">/home/runner/work/python-genbadge/python-genbadge/genbadge/tests/test_readme_common.py:232: this test does not make sense</skipped></testcase><testcase classname="genbadge.tests.test_readme_common" name="test_any_command[coverage-custom-outstream=False]" time="0.005" /><testcase classname="genbadge.tests.test_readme_common" name="test_any_command[coverage-custom-outstream=True]" time="0.005" /><testcase classname="genbadge.tests.test_readme_common" name="test_any_command[coverage-custom_shortargs-outstream=False]" time="0.006" /><testcase classname="genbadge.tests.test_readme_common" name="test_any_command[coverage-custom_shortargs-outstream=True]" time="0.005" /><testcase classname="genbadge.tests.test_readme_common" name="test_any_command[coverage-custom_absolute-outstream=False]" time="0.005" /><testcase classname="genbadge.tests.test_readme_common" name="test_any_command[coverage-custom_absolute-outstream=True]" time="0.005" /><testcase classname="genbadge.tests.test_readme_common" name="test_threshold[False--1]" time="0.256" /><testcase classname="genbadge.tests.test_readme_common" name="test_threshold[False-0]" time="3.009" /><testcase classname="genbadge.tests.test_readme_common" name="test_threshold[False-40]" time="0.051" /><testcase classname="genbadge.tests.test_readme_common" name="test_threshold[False-40.1]" time="0.004" /><testcase classname="genbadge.tests.test_readme_common" name="test_threshold[False-100]" time="0.003" /><testcase classname="genbadge.tests.test_readme_common" name="test_threshold[False-101]" time="0.003" /><testcase classname="genbadge.tests.test_readme_common" name="test_threshold[True--1]" time="0.038" /><testcase classname="genbadge.tests.test_readme_common" name="test_threshold[True-0]" time="0.038" /><testcase classname="genbadge.tests.test_readme_common" name="test_threshold[True-40]" time="0.042" /><testcase classname="genbadge.tests.test_readme_common" name="test_threshold[True-40.1]" time="0.004" /><testcase classname="genbadge.tests.test_readme_common" name="test_threshold[True-100]" time="0.003" /><testcase classname="genbadge.tests.test_readme_common" name="test_threshold[True-101]" time="0.003" /><testcase classname="genbadge.tests.test_readme_common" name="test_local_remote[None-None]" time="0.038" /><testcase classname="genbadge.tests.test_readme_common" name="test_local_remote[False-False]" time="0.005" /><testcase classname="genbadge.tests.test_readme_common" name="test_local_remote[False-True]" time="0.005" /><testcase classname="genbadge.tests.test_readme_common" name="test_local_remote[True-False]" time="0.036" /><testcase classname="genbadge.tests.test_readme_common" name="test_local_remote[True-True]" time="0.040" /></testsuite></testsuites>