<?xml version="1.0" encoding="utf-8"?><testsuites><testsuite errors="0" failures="0" hostname="fv-az127-251" name="pytest" skipped="0" tests="25" time="0.927" timestamp="2021-05-11T15:35:15.174869"><testcase classname="genbadge.tests.test_core" name="test_access_pkg_resources" time="0.001" /><testcase classname="genbadge.tests.test_core" name="test_genbadge[use_shields=False]" time="0.017" /><testcase classname="genbadge.tests.test_readme" name="test_help" time="0.002" /><testcase classname="genbadge.tests.test_readme" name="test_junit_file_not_found" time="0.003" /><testcase classname="genbadge.tests.test_readme" name="test_junit[default]" time="0.005" /><testcase classname="genbadge.tests.test_readme" name="test_junit[custom]" time="0.005" /><testcase classname="genbadge.tests.test_readme" name="test_junit[custom_shortargs]" time="0.005" /><testcase classname="genbadge.tests.test_readme" name="test_junit[custom_absolute]" time="0.006" /><testcase classname="genbadge.tests.test_readme" name="test_threshold[False--1]" time="0.255" /><testcase classname="genbadge.tests.test_readme" name="test_threshold[False-0]" time="0.050" /><testcase classname="genbadge.tests.test_readme" name="test_threshold[False-40]" time="0.056" /><testcase classname="genbadge.tests.test_readme" name="test_threshold[False-40.1]" time="0.003" /><testcase classname="genbadge.tests.test_readme" name="test_threshold[False-100]" time="0.003" /><testcase classname="genbadge.tests.test_readme" name="test_threshold[False-101]" time="0.003" /><testcase classname="genbadge.tests.test_readme" name="test_threshold[True--1]" time="0.045" /><testcase classname="genbadge.tests.test_readme" name="test_threshold[True-0]" time="0.036" /><testcase classname="genbadge.tests.test_readme" name="test_threshold[True-40]" time="0.050" /><testcase classname="genbadge.tests.test_readme" name="test_threshold[True-40.1]" time="0.004" /><testcase classname="genbadge.tests.test_readme" name="test_threshold[True-100]" time="0.003" /><testcase classname="genbadge.tests.test_readme" name="test_threshold[True-101]" time="0.003" /><testcase classname="genbadge.tests.test_readme" name="test_local_remote[None-None]" time="0.045" /><testcase classname="genbadge.tests.test_readme" name="test_local_remote[False-False]" time="0.005" /><testcase classname="genbadge.tests.test_readme" name="test_local_remote[False-True]" time="0.005" /><testcase classname="genbadge.tests.test_readme" name="test_local_remote[True-False]" time="0.048" /><testcase classname="genbadge.tests.test_readme" name="test_local_remote[True-True]" time="0.030" /></testsuite></testsuites>