<?xml version="1.0" encoding="utf-8"?><testsuites><testsuite errors="0" failures="0" hostname="fv-az90-499" name="pytest" skipped="8" tests="89" time="1.672" timestamp="2021-05-17T09:48:11.940244"><testcase classname="genbadge.tests.test_core" name="test_access_pkg_resources" time="0.001" /><testcase classname="genbadge.tests.test_core" name="test_genbadge[use_shields=False]" time="0.022" /><testcase classname="genbadge.tests.test_core" name="test_parse_cov" time="0.001" /><testcase classname="genbadge.tests.test_readme_common" name="test_help" time="0.003" /><testcase classname="genbadge.tests.test_readme_common" name="test_help_cmd[tests]" time="0.005" /><testcase classname="genbadge.tests.test_readme_common" name="test_help_cmd[coverage]" time="0.004" /><testcase classname="genbadge.tests.test_readme_common" name="test_file_not_found[tests]" time="0.005" /><testcase classname="genbadge.tests.test_readme_common" name="test_file_not_found[coverage]" time="0.008" /><testcase classname="genbadge.tests.test_readme_common" name="test_any_command[tests-default-verbose=False-silent=False-outstream=False]" time="0.006" /><testcase classname="genbadge.tests.test_readme_common" name="test_any_command[tests-default-verbose=False-silent=False-outstream=True]" time="0.002"><skipped message="this test does not make sense" type="pytest.skip">/home/runner/work/python-genbadge/python-genbadge/genbadge/tests/test_readme_common.py:268: this test does not make sense</skipped></testcase><testcase classname="genbadge.tests.test_readme_common" name="test_any_command[tests-default-verbose=False-silent=True-outstream=False]" time="0.007" /><testcase classname="genbadge.tests.test_readme_common" name="test_any_command[tests-default-verbose=False-silent=True-outstream=True]" time="0.003"><skipped message="this test does not make sense" type="pytest.skip">/home/runner/work/python-genbadge/python-genbadge/genbadge/tests/test_readme_common.py:268: this test does not make sense</skipped></testcase><testcase classname="genbadge.tests.test_readme_common" name="test_any_command[tests-default-verbose=True-silent=False-outstream=False]" time="0.007" /><testcase classname="genbadge.tests.test_readme_common" name="test_any_command[tests-default-verbose=True-silent=False-outstream=True]" time="0.002"><skipped message="this test does not make sense" type="pytest.skip">/home/runner/work/python-genbadge/python-genbadge/genbadge/tests/test_readme_common.py:268: this test does not make sense</skipped></testcase><testcase classname="genbadge.tests.test_readme_common" name="test_any_command[tests-default-verbose=True-silent=True-outstream=False]" time="0.007" /><testcase classname="genbadge.tests.test_readme_common" name="test_any_command[tests-default-verbose=True-silent=True-outstream=True]" time="0.002"><skipped message="this test does not make sense" type="pytest.skip">/home/runner/work/python-genbadge/python-genbadge/genbadge/tests/test_readme_common.py:268: this test does not make sense</skipped></testcase><testcase classname="genbadge.tests.test_readme_common" name="test_any_command[tests-custom-verbose=False-silent=False-outstream=False]" time="0.006" /><testcase classname="genbadge.tests.test_readme_common" name="test_any_command[tests-custom-verbose=False-silent=False-outstream=True]" time="0.006" /><testcase classname="genbadge.tests.test_readme_common" name="test_any_command[tests-custom-verbose=False-silent=True-outstream=False]" time="0.006" /><testcase classname="genbadge.tests.test_readme_common" name="test_any_command[tests-custom-verbose=False-silent=True-outstream=True]" time="0.006" /><testcase classname="genbadge.tests.test_readme_common" name="test_any_command[tests-custom-verbose=True-silent=False-outstream=False]" time="0.007" /><testcase classname="genbadge.tests.test_readme_common" name="test_any_command[tests-custom-verbose=True-silent=False-outstream=True]" time="0.006" /><testcase classname="genbadge.tests.test_readme_common" name="test_any_command[tests-custom-verbose=True-silent=True-outstream=False]" time="0.006" /><testcase classname="genbadge.tests.test_readme_common" name="test_any_command[tests-custom-verbose=True-silent=True-outstream=True]" time="0.007" /><testcase classname="genbadge.tests.test_readme_common" name="test_any_command[tests-custom_shortargs-verbose=False-silent=False-outstream=False]" time="0.007" /><testcase classname="genbadge.tests.test_readme_common" name="test_any_command[tests-custom_shortargs-verbose=False-silent=False-outstream=True]" time="0.007" /><testcase classname="genbadge.tests.test_readme_common" name="test_any_command[tests-custom_shortargs-verbose=False-silent=True-outstream=False]" time="0.007" /><testcase classname="genbadge.tests.test_readme_common" name="test_any_command[tests-custom_shortargs-verbose=False-silent=True-outstream=True]" time="0.007" /><testcase classname="genbadge.tests.test_readme_common" name="test_any_command[tests-custom_shortargs-verbose=True-silent=False-outstream=False]" time="0.007" /><testcase classname="genbadge.tests.test_readme_common" name="test_any_command[tests-custom_shortargs-verbose=True-silent=False-outstream=True]" time="0.006" /><testcase classname="genbadge.tests.test_readme_common" name="test_any_command[tests-custom_shortargs-verbose=True-silent=True-outstream=False]" time="0.007" /><testcase classname="genbadge.tests.test_readme_common" name="test_any_command[tests-custom_shortargs-verbose=True-silent=True-outstream=True]" time="0.007" /><testcase classname="genbadge.tests.test_readme_common" name="test_any_command[tests-custom_absolute-verbose=False-silent=False-outstream=False]" time="0.007" /><testcase classname="genbadge.tests.test_readme_common" name="test_any_command[tests-custom_absolute-verbose=False-silent=False-outstream=True]" time="0.007" /><testcase classname="genbadge.tests.test_readme_common" name="test_any_command[tests-custom_absolute-verbose=False-silent=True-outstream=False]" time="0.006" /><testcase classname="genbadge.tests.test_readme_common" name="test_any_command[tests-custom_absolute-verbose=False-silent=True-outstream=True]" time="0.006" /><testcase classname="genbadge.tests.test_readme_common" name="test_any_command[tests-custom_absolute-verbose=True-silent=False-outstream=False]" time="0.008" /><testcase classname="genbadge.tests.test_readme_common" name="test_any_command[tests-custom_absolute-verbose=True-silent=False-outstream=True]" time="0.007" /><testcase classname="genbadge.tests.test_readme_common" name="test_any_command[tests-custom_absolute-verbose=True-silent=True-outstream=False]" time="0.006" /><testcase classname="genbadge.tests.test_readme_common" name="test_any_command[tests-custom_absolute-verbose=True-silent=True-outstream=True]" time="0.006" /><testcase classname="genbadge.tests.test_readme_common" name="test_any_command[coverage-default-verbose=False-silent=False-outstream=False]" time="0.006" /><testcase classname="genbadge.tests.test_readme_common" name="test_any_command[coverage-default-verbose=False-silent=False-outstream=True]" time="0.002"><skipped message="this test does not make sense" type="pytest.skip">/home/runner/work/python-genbadge/python-genbadge/genbadge/tests/test_readme_common.py:268: this test does not make sense</skipped></testcase><testcase classname="genbadge.tests.test_readme_common" name="test_any_command[coverage-default-verbose=False-silent=True-outstream=False]" time="0.007" /><testcase classname="genbadge.tests.test_readme_common" name="test_any_command[coverage-default-verbose=False-silent=True-outstream=True]" time="0.002"><skipped message="this test does not make sense" type="pytest.skip">/home/runner/work/python-genbadge/python-genbadge/genbadge/tests/test_readme_common.py:268: this test does not make sense</skipped></testcase><testcase classname="genbadge.tests.test_readme_common" name="test_any_command[coverage-default-verbose=True-silent=False-outstream=False]" time="0.007" /><testcase classname="genbadge.tests.test_readme_common" name="test_any_command[coverage-default-verbose=True-silent=False-outstream=True]" time="0.003"><skipped message="this test does not make sense" type="pytest.skip">/home/runner/work/python-genbadge/python-genbadge/genbadge/tests/test_readme_common.py:268: this test does not make sense</skipped></testcase><testcase classname="genbadge.tests.test_readme_common" name="test_any_command[coverage-default-verbose=True-silent=True-outstream=False]" time="0.007" /><testcase classname="genbadge.tests.test_readme_common" name="test_any_command[coverage-default-verbose=True-silent=True-outstream=True]" time="0.002"><skipped message="this test does not make sense" type="pytest.skip">/home/runner/work/python-genbadge/python-genbadge/genbadge/tests/test_readme_common.py:268: this test does not make sense</skipped></testcase><testcase classname="genbadge.tests.test_readme_common" name="test_any_command[coverage-custom-verbose=False-silent=False-outstream=False]" time="0.007" /><testcase classname="genbadge.tests.test_readme_common" name="test_any_command[coverage-custom-verbose=False-silent=False-outstream=True]" time="0.007" /><testcase classname="genbadge.tests.test_readme_common" name="test_any_command[coverage-custom-verbose=False-silent=True-outstream=False]" time="0.007" /><testcase classname="genbadge.tests.test_readme_common" name="test_any_command[coverage-custom-verbose=False-silent=True-outstream=True]" time="0.008" /><testcase classname="genbadge.tests.test_readme_common" name="test_any_command[coverage-custom-verbose=True-silent=False-outstream=False]" time="0.007" /><testcase classname="genbadge.tests.test_readme_common" name="test_any_command[coverage-custom-verbose=True-silent=False-outstream=True]" time="0.006" /><testcase classname="genbadge.tests.test_readme_common" name="test_any_command[coverage-custom-verbose=True-silent=True-outstream=False]" time="0.006" /><testcase classname="genbadge.tests.test_readme_common" name="test_any_command[coverage-custom-verbose=True-silent=True-outstream=True]" time="0.006" /><testcase classname="genbadge.tests.test_readme_common" name="test_any_command[coverage-custom_shortargs-verbose=False-silent=False-outstream=False]" time="0.007" /><testcase classname="genbadge.tests.test_readme_common" name="test_any_command[coverage-custom_shortargs-verbose=False-silent=False-outstream=True]" time="0.007" /><testcase classname="genbadge.tests.test_readme_common" name="test_any_command[coverage-custom_shortargs-verbose=False-silent=True-outstream=False]" time="0.007" /><testcase classname="genbadge.tests.test_readme_common" name="test_any_command[coverage-custom_shortargs-verbose=False-silent=True-outstream=True]" time="0.006" /><testcase classname="genbadge.tests.test_readme_common" name="test_any_command[coverage-custom_shortargs-verbose=True-silent=False-outstream=False]" time="0.007" /><testcase classname="genbadge.tests.test_readme_common" name="test_any_command[coverage-custom_shortargs-verbose=True-silent=False-outstream=True]" time="0.007" /><testcase classname="genbadge.tests.test_readme_common" name="test_any_command[coverage-custom_shortargs-verbose=True-silent=True-outstream=False]" time="0.007" /><testcase classname="genbadge.tests.test_readme_common" name="test_any_command[coverage-custom_shortargs-verbose=True-silent=True-outstream=True]" time="0.007" /><testcase classname="genbadge.tests.test_readme_common" name="test_any_command[coverage-custom_absolute-verbose=False-silent=False-outstream=False]" time="0.008" /><testcase classname="genbadge.tests.test_readme_common" name="test_any_command[coverage-custom_absolute-verbose=False-silent=False-outstream=True]" time="0.006" /><testcase classname="genbadge.tests.test_readme_common" name="test_any_command[coverage-custom_absolute-verbose=False-silent=True-outstream=False]" time="0.006" /><testcase classname="genbadge.tests.test_readme_common" name="test_any_command[coverage-custom_absolute-verbose=False-silent=True-outstream=True]" time="0.006" /><testcase classname="genbadge.tests.test_readme_common" name="test_any_command[coverage-custom_absolute-verbose=True-silent=False-outstream=False]" time="0.007" /><testcase classname="genbadge.tests.test_readme_common" name="test_any_command[coverage-custom_absolute-verbose=True-silent=False-outstream=True]" time="0.008" /><testcase classname="genbadge.tests.test_readme_common" name="test_any_command[coverage-custom_absolute-verbose=True-silent=True-outstream=False]" time="0.006" /><testcase classname="genbadge.tests.test_readme_common" name="test_any_command[coverage-custom_absolute-verbose=True-silent=True-outstream=True]" time="0.006" /><testcase classname="genbadge.tests.test_readme_common" name="test_threshold[False--1]" time="0.319" /><testcase classname="genbadge.tests.test_readme_common" name="test_threshold[False-0]" time="0.079" /><testcase classname="genbadge.tests.test_readme_common" name="test_threshold[False-40]" time="0.067" /><testcase classname="genbadge.tests.test_readme_common" name="test_threshold[False-40.1]" time="0.005" /><testcase classname="genbadge.tests.test_readme_common" name="test_threshold[False-100]" time="0.004" /><testcase classname="genbadge.tests.test_readme_common" name="test_threshold[False-101]" time="0.004" /><testcase classname="genbadge.tests.test_readme_common" name="test_threshold[True--1]" time="0.056" /><testcase classname="genbadge.tests.test_readme_common" name="test_threshold[True-0]" time="0.071" /><testcase classname="genbadge.tests.test_readme_common" name="test_threshold[True-40]" time="0.065" /><testcase classname="genbadge.tests.test_readme_common" name="test_threshold[True-40.1]" time="0.005" /><testcase classname="genbadge.tests.test_readme_common" name="test_threshold[True-100]" time="0.005" /><testcase classname="genbadge.tests.test_readme_common" name="test_threshold[True-101]" time="0.009" /><testcase classname="genbadge.tests.test_readme_common" name="test_local_remote[None-None]" time="0.058" /><testcase classname="genbadge.tests.test_readme_common" name="test_local_remote[False-False]" time="0.008" /><testcase classname="genbadge.tests.test_readme_common" name="test_local_remote[False-True]" time="0.007" /><testcase classname="genbadge.tests.test_readme_common" name="test_local_remote[True-False]" time="0.058" /><testcase classname="genbadge.tests.test_readme_common" name="test_local_remote[True-True]" time="0.067" /></testsuite></testsuites>